<?xml version="1.0" encoding="UTF-8"?>
<!-- Generated by org.testng.reporters.JUnitXMLReporter -->
<testsuite hostname="DESKTOP-LKM5JTJ" ignored="1" name="Surefire test" tests="6" failures="0" timestamp="22 Jan 2021 15:03:25 GMT" time="40.503" errors="0">
  <testcase name="verifyPageTitleTest" time="0.76" classname="com.qa.realerp.tests.LoginPageTest"/>
  <testcase name="verifyPageTitleTest" time="0.009" classname="com.qa.realerp.tests.HomePageTest"/>
  <testcase name="verifyForgotPasswordLinkTest" time="0.547" classname="com.qa.realerp.tests.LoginPageTest"/>
  <testcase name="verifyHRMLinkVisibilityTest" time="0.047" classname="com.qa.realerp.tests.HomePageTest"/>
  <testcase name="verifyNavigationToHRMPageTest" time="5.61" classname="com.qa.realerp.tests.HomePageTest"/>
  <testcase name="verifyValidLoginTest" time="9.565" classname="com.qa.realerp.tests.LoginPageTest"/>
  <testcase name="verifyInvalidLogin" time="0.0" classname="com.qa.realerp.tests.LoginPageTest">
    <ignored/>
  </testcase> <!-- verifyInvalidLogin -->
</testsuite> <!-- Surefire test -->
