<?xml version="1.0" encoding="UTF-8"?>
<!-- Generated by org.testng.reporters.JUnitXMLReporter -->
<testsuite hostname="DESKTOP-LKM5JTJ" ignored="0" name="Default test" tests="3" failures="0" timestamp="04 Jan 2021 15:06:29 GMT" time="22.725" errors="0">
  <testcase name="verifyPageTitleTest" time="0.021" classname="com.qa.realerp.tests.HomePageTest"/>
  <testcase name="verifyHRMLinkVisibilityTest" time="0.056" classname="com.qa.realerp.tests.HomePageTest"/>
  <testcase name="verifyNavigationToHRMPageTest" time="5.544" classname="com.qa.realerp.tests.HomePageTest"/>
</testsuite> <!-- Default test -->
