<?xml version="1.0" encoding="UTF-8"?>
<testng-results skipped="0" failed="0" ignored="1" total="7" passed="6">
  <reporter-output>
  </reporter-output>
  <suite name="Surefire suite" duration-ms="40503" started-at="2021-01-22T15:02:44Z" finished-at="2021-01-22T15:03:25Z">
    <groups>
    </groups>
    <test name="Surefire test" duration-ms="40503" started-at="2021-01-22T15:02:44Z" finished-at="2021-01-22T15:03:25Z">
      <class name="com.qa.realerp.tests.HomePageTest">
        <test-method status="PASS" signature="setUp()[pri:0, instance:com.qa.realerp.tests.HomePageTest@6d78f375]" name="setUp" is-config="true" duration-ms="16382" started-at="2021-01-22T15:02:44Z" finished-at="2021-01-22T15:03:01Z">
          <reporter-output>
          </reporter-output>
        </test-method> <!-- setUp -->
        <test-method status="PASS" signature="setUp()[pri:0, instance:com.qa.realerp.tests.LoginPageTest@50c87b21]" name="setUp" is-config="true" duration-ms="6185" started-at="2021-01-22T15:03:01Z" finished-at="2021-01-22T15:03:07Z">
          <reporter-output>
          </reporter-output>
        </test-method> <!-- setUp -->
        <test-method status="PASS" signature="verifyPageTitleTest()[pri:1, instance:com.qa.realerp.tests.HomePageTest@6d78f375]" name="verifyPageTitleTest" duration-ms="9" started-at="2021-01-22T15:03:08Z" finished-at="2021-01-22T15:03:08Z">
          <reporter-output>
          </reporter-output>
        </test-method> <!-- verifyPageTitleTest -->
        <test-method status="PASS" signature="verifyHRMLinkVisibilityTest()[pri:2, instance:com.qa.realerp.tests.HomePageTest@6d78f375]" name="verifyHRMLinkVisibilityTest" duration-ms="47" started-at="2021-01-22T15:03:08Z" finished-at="2021-01-22T15:03:08Z">
          <reporter-output>
          </reporter-output>
        </test-method> <!-- verifyHRMLinkVisibilityTest -->
        <test-method status="PASS" signature="verifyNavigationToHRMPageTest()[pri:3, instance:com.qa.realerp.tests.HomePageTest@6d78f375]" name="verifyNavigationToHRMPageTest" duration-ms="5610" started-at="2021-01-22T15:03:08Z" finished-at="2021-01-22T15:03:14Z">
          <reporter-output>
          </reporter-output>
        </test-method> <!-- verifyNavigationToHRMPageTest -->
        <test-method status="PASS" signature="tearDown()[pri:0, instance:com.qa.realerp.tests.HomePageTest@6d78f375]" name="tearDown" is-config="true" duration-ms="672" started-at="2021-01-22T15:03:23Z" finished-at="2021-01-22T15:03:24Z">
          <reporter-output>
          </reporter-output>
        </test-method> <!-- tearDown -->
        <test-method status="PASS" signature="tearDown()[pri:0, instance:com.qa.realerp.tests.LoginPageTest@50c87b21]" name="tearDown" is-config="true" duration-ms="690" started-at="2021-01-22T15:03:24Z" finished-at="2021-01-22T15:03:25Z">
          <reporter-output>
          </reporter-output>
        </test-method> <!-- tearDown -->
      </class> <!-- com.qa.realerp.tests.HomePageTest -->
      <class name="com.qa.realerp.tests.LoginPageTest">
        <test-method status="PASS" signature="verifyPageTitleTest()[pri:1, instance:com.qa.realerp.tests.LoginPageTest@50c87b21]" name="verifyPageTitleTest" duration-ms="760" started-at="2021-01-22T15:03:07Z" finished-at="2021-01-22T15:03:08Z">
          <reporter-output>
          </reporter-output>
        </test-method> <!-- verifyPageTitleTest -->
        <test-method status="PASS" signature="verifyForgotPasswordLinkTest()[pri:2, instance:com.qa.realerp.tests.LoginPageTest@50c87b21]" name="verifyForgotPasswordLinkTest" duration-ms="547" started-at="2021-01-22T15:03:08Z" depends-on-methods="com.qa.realerp.tests.LoginPageTest.verifyPageTitleTest" finished-at="2021-01-22T15:03:08Z">
          <reporter-output>
          </reporter-output>
        </test-method> <!-- verifyForgotPasswordLinkTest -->
        <test-method status="PASS" signature="verifyValidLoginTest()[pri:4, instance:com.qa.realerp.tests.LoginPageTest@50c87b21]" name="verifyValidLoginTest" duration-ms="9565" started-at="2021-01-22T15:03:14Z" finished-at="2021-01-22T15:03:23Z">
          <reporter-output>
          </reporter-output>
        </test-method> <!-- verifyValidLoginTest -->
      </class> <!-- com.qa.realerp.tests.LoginPageTest -->
    </test> <!-- Surefire test -->
  </suite> <!-- Surefire suite -->
</testng-results>
