<?xml version="1.0" encoding="UTF-8"?>
<!-- Generated by org.testng.reporters.JUnitXMLReporter -->
<testsuite hostname="DESKTOP-LKM5JTJ" ignored="0" name="RealERPHomePageTest" tests="3" failures="0" timestamp="04 Jan 2021 15:27:14 GMT" time="21.505" errors="0">
  <testcase name="verifyPageTitleTest" time="0.006" classname="com.qa.realerp.tests.HomePageTest"/>
  <testcase name="verifyHRMLinkVisibilityTest" time="0.054" classname="com.qa.realerp.tests.HomePageTest"/>
  <testcase name="verifyNavigationToHRMPageTest" time="5.562" classname="com.qa.realerp.tests.HomePageTest"/>
</testsuite> <!-- RealERPHomePageTest -->
